[2022-07-18 11:26:23.826 +03:00  INF]  Now listening on: https://localhost:7082
[2022-07-18 11:26:23.865 +03:00  INF]  Now listening on: http://localhost:5082
[2022-07-18 11:26:23.869 +03:00  INF]  Application started. Press Ctrl+C to shut down.
[2022-07-18 11:26:23.869 +03:00  INF]  Hosting environment: Development
[2022-07-18 11:26:23.869 +03:00  INF]  Content root path: C:\Users\user\RiderProjects\UMS - Serilog\UMS\
[2022-07-18 11:26:24.445 +03:00  INF]  Request starting HTTP/2 GET https://localhost:7082/swagger - -
[2022-07-18 11:26:24.513 +03:00  INF]  Request finished HTTP/2 GET https://localhost:7082/swagger - - - 301 0 - 70.8336ms
[2022-07-18 11:26:24.520 +03:00  INF]  Request starting HTTP/2 GET https://localhost:7082/swagger/index.html - -
[2022-07-18 11:26:24.576 +03:00  INF]  Request finished HTTP/2 GET https://localhost:7082/swagger/index.html - - - 200 - text/html;charset=utf-8 55.6047ms
[2022-07-18 11:26:24.590 +03:00  INF]  Request starting HTTP/2 GET https://localhost:7082/swagger/swagger-ui.css - -
[2022-07-18 11:26:24.590 +03:00  INF]  Request starting HTTP/2 GET https://localhost:7082/swagger/swagger-ui-standalone-preset.js - -
[2022-07-18 11:26:24.590 +03:00  INF]  Request starting HTTP/2 GET https://localhost:7082/swagger/swagger-ui-bundle.js - -
[2022-07-18 11:26:24.631 +03:00  INF]  Sending file. Request path: '/swagger-ui.css'. Physical path: 'N/A'
[2022-07-18 11:26:24.631 +03:00  INF]  Sending file. Request path: '/swagger-ui-standalone-preset.js'. Physical path: 'N/A'
[2022-07-18 11:26:24.631 +03:00  INF]  Sending file. Request path: '/swagger-ui-bundle.js'. Physical path: 'N/A'
[2022-07-18 11:26:24.635 +03:00  INF]  Request finished HTTP/2 GET https://localhost:7082/swagger/swagger-ui.css - - - 200 143632 text/css 45.4410ms
[2022-07-18 11:26:24.635 +03:00  INF]  Request finished HTTP/2 GET https://localhost:7082/swagger/swagger-ui-standalone-preset.js - - - 200 337162 application/javascript 45.3080ms
[2022-07-18 11:26:24.635 +03:00  INF]  Request finished HTTP/2 GET https://localhost:7082/swagger/swagger-ui-bundle.js - - - 200 1092889 application/javascript 45.3492ms
[2022-07-18 11:26:24.804 +03:00  INF]  Request starting HTTP/2 GET https://localhost:7082/swagger/v1/swagger.json - -
[2022-07-18 11:26:24.976 +03:00  INF]  Request finished HTTP/2 GET https://localhost:7082/swagger/v1/swagger.json - - - 200 - application/json;charset=utf-8 172.0391ms
[2022-07-18 11:26:29.226 +03:00  INF]  Request starting HTTP/2 GET https://localhost:7082/Course/GetAllCourses - -
[2022-07-18 11:26:29.235 +03:00  INF]  Executing endpoint 'UMS.Controllers.CourseController.GetAll (UMS)'
[2022-07-18 11:26:29.255 +03:00  INF]  Route matched with {action = "GetAll", controller = "Course"}. Executing controller action with signature System.Threading.Tasks.Task`1[Microsoft.AspNetCore.Mvc.IActionResult] GetAll() on controller UMS.Controllers.CourseController (UMS).
[2022-07-18 11:26:29.421 +03:00  INF]  Weather Forecast executing...
[2022-07-18 11:26:31.167 +03:00  INF]  Entity Framework Core 6.0.6 initialized 'umsContext' using provider 'Npgsql.EntityFrameworkCore.PostgreSQL:6.0.5+9d79af6e2586d5d28da253ac075706a5575a1743' with options: None
[2022-07-18 11:26:32.458 +03:00  INF]  Executed DbCommand (169ms) [Parameters=[], CommandType='"Text"', CommandTimeout='30']
SELECT c."Id", c."EnrolmentDateRange", c."MaxStudentsNumber", c."Name"
FROM "Courses" AS c
[2022-07-18 11:26:32.712 +03:00  INF]  Executing OkObjectResult, writing value of type 'System.Collections.Generic.List`1[[UMS.Domain.Models.Course, UMS.Domain, Version=1.0.0.0, Culture=neutral, PublicKeyToken=null]]'.
[2022-07-18 11:26:32.771 +03:00  INF]  Executed action UMS.Controllers.CourseController.GetAll (UMS) in 3501.918ms
[2022-07-18 11:26:32.772 +03:00  INF]  Executed endpoint 'UMS.Controllers.CourseController.GetAll (UMS)'
[2022-07-18 11:26:32.785 +03:00  INF]  Request finished HTTP/2 GET https://localhost:7082/Course/GetAllCourses - - - 200 - application/json;+charset=utf-8 3559.4454ms
[2022-07-18 11:26:58.243 +03:00  INF]  Application is shutting down...
